c:\users\tahir\documents\github\csgo-private-cheat\cheat\release\antiantiaim.obj
c:\users\tahir\documents\github\csgo-private-cheat\cheat\release\dumping.obj
c:\users\tahir\documents\github\csgo-private-cheat\cheat\release\hacks.obj
c:\users\tahir\documents\github\csgo-private-cheat\cheat\release\mathfunctions.obj
c:\users\tahir\documents\github\csgo-private-cheat\cheat\release\mischacks.obj
c:\users\tahir\documents\github\csgo-private-cheat\cheat\release\rendermanager.obj
c:\users\tahir\documents\github\csgo-private-cheat\cheat\release\tinyxml2.obj
c:\users\tahir\documents\github\csgo-private-cheat\cheat\release\window.obj
c:\users\tahir\documents\github\csgo-private-cheat\cheat\release\controls.obj
c:\users\tahir\documents\github\csgo-private-cheat\cheat\release\esp.obj
c:\users\tahir\documents\github\csgo-private-cheat\cheat\release\reflectiveloader.obj
c:\users\tahir\documents\github\csgo-private-cheat\cheat\release\legitbot.obj
c:\users\tahir\documents\github\csgo-private-cheat\cheat\release\netvarmanager.obj
c:\users\tahir\documents\github\csgo-private-cheat\cheat\release\resolver.obj
c:\users\tahir\documents\github\csgo-private-cheat\cheat\release\utilities.obj
c:\users\tahir\documents\github\csgo-private-cheat\cheat\release\chams.obj
c:\users\tahir\documents\github\csgo-private-cheat\cheat\release\crc32.obj
c:\users\tahir\documents\github\csgo-private-cheat\cheat\release\gui.obj
c:\users\tahir\documents\github\csgo-private-cheat\cheat\release\interfaces.obj
c:\users\tahir\documents\github\csgo-private-cheat\cheat\release\metainfo.obj
c:\users\tahir\documents\github\csgo-private-cheat\cheat\release\offsets.obj
c:\users\tahir\documents\github\csgo-private-cheat\cheat\release\spoofedconvar.obj
c:\users\tahir\documents\github\csgo-private-cheat\cheat\release\visual.obj
c:\users\tahir\documents\github\csgo-private-cheat\cheat\release\autowall.obj
c:\users\tahir\documents\github\csgo-private-cheat\cheat\release\dllmain.obj
c:\users\tahir\documents\github\csgo-private-cheat\cheat\release\hooks.obj
c:\users\tahir\documents\github\csgo-private-cheat\cheat\release\menu.obj
c:\users\tahir\documents\github\csgo-private-cheat\cheat\release\netvars.obj
c:\users\tahir\documents\github\csgo-private-cheat\cheat\release\ragebot.obj
c:\users\tahir\documents\github\csgo-private-cheat\cheat\release\util functions.obj
c:\users\tahir\documents\github\csgo-private-cheat\cheat\release\vc141.pdb
c:\users\tahir\documents\github\csgo-private-cheat\cheat\release\revengerproject.tlog\cl.command.1.tlog
c:\users\tahir\documents\github\csgo-private-cheat\cheat\release\revengerproject.tlog\cl.read.1.tlog
c:\users\tahir\documents\github\csgo-private-cheat\cheat\release\revengerproject.tlog\cl.write.1.tlog
c:\users\tahir\documents\github\csgo-private-cheat\cheat\release\revengerproject.tlog\link-cvtres.read.1.tlog
c:\users\tahir\documents\github\csgo-private-cheat\cheat\release\revengerproject.tlog\link-cvtres.write.1.tlog
c:\users\tahir\documents\github\csgo-private-cheat\cheat\release\revengerproject.tlog\link-rc.read.1.tlog
c:\users\tahir\documents\github\csgo-private-cheat\cheat\release\revengerproject.tlog\link-rc.write.1.tlog
c:\users\tahir\documents\github\csgo-private-cheat\cheat\release\revengerproject.tlog\link.command.1.tlog
c:\users\tahir\documents\github\csgo-private-cheat\cheat\release\revengerproject.tlog\link.read.1.tlog
c:\users\tahir\documents\github\csgo-private-cheat\cheat\release\revengerproject.tlog\link.write.1.tlog
